Start testing: May 02 06:03 UTC
----------------------------------------------------------
1/8 Testing: basic_levelset
1/8 Test: basic_levelset
Command: "/home/runner/work/wildfire_levelset/wildfire_levelset/build_check/levelset" "/home/runner/work/wildfire_levelset/wildfire_levelset/regtest/basic_levelset/inputs.i"
Directory: /home/runner/work/wildfire_levelset/wildfire_levelset/build_check/regtest/basic_levelset
"basic_levelset" start time: May 02 06:03 UTC
Output:
----------------------------------------------------------
Initializing AMReX (26.04)...
AMReX (26.04) initialized
Computed dt = 0.1499270262
Wrote 284 negative phi points to phi_negative_0000.dat
Wrote 24 convex hull points (from 40 negative phi points) to phi_envelope_0000.dat
Time:0 with timestep:0.1499270262
Time:0.1499270262 with timestep:0.1499270262
Time:0.2998540523 with timestep:0.1499270262
Time:0.4497810785 with timestep:0.1499270262
Time:0.5997081047 with timestep:0.1499270262
Time:0.7496351309 with timestep:0.1499270262
Time:0.899562157 with timestep:0.1499270262
Time:1.049489183 with timestep:0.1499270262
Time:1.199416209 with timestep:0.1499270262
Time:1.349343236 with timestep:0.1499270262
Time:1.499270262 with timestep:0.1499270262
Time:1.649197288 with timestep:0.1499270262
Time:1.799124314 with timestep:0.1499270262
Time:1.94905134 with timestep:0.1499270262
Wrote final plt0014
Wrote 2184 negative phi points to phi_negative_0014.dat
Wrote 4 convex hull points (from 128 negative phi points) to phi_envelope_0014.dat
Unused ParmParse Variables:
  [TOP]::reinit_dtau(nvals = 1)  :: [0.5]
  [TOP]::reinit_iters(nvals = 1)  :: [20]
  [TOP]::sphere_center_x(nvals = 1)  :: [0.3]
  [TOP]::sphere_center_y(nvals = 1)  :: [0.5]
  [TOP]::sphere_center_z(nvals = 1)  :: [0.5]

AMReX (26.04) finalized
<end of output>
Test time =   0.03 sec
----------------------------------------------------------
Test Passed.
"basic_levelset" end time: May 02 06:03 UTC
"basic_levelset" time elapsed: 00:00:00
----------------------------------------------------------

3/8 Testing: rothermel_fuel
3/8 Test: rothermel_fuel
Command: "/home/runner/work/wildfire_levelset/wildfire_levelset/build_check/levelset" "/home/runner/work/wildfire_levelset/wildfire_levelset/regtest/rothermel_fuel/inputs.i"
Directory: /home/runner/work/wildfire_levelset/wildfire_levelset/build_check/regtest/rothermel_fuel
"rothermel_fuel" start time: May 02 06:03 UTC
Output:
----------------------------------------------------------
Initializing AMReX (26.04)...
AMReX (26.04) initialized
Using fuel model: FM1 - Short Grass (1 ft)

╔════════════════════════════════════════════════════════════════════╗
║ Fuel Model: FM1 - Short Grass (1 ft)
╠════════════════════════════════════════════════════════════════════╣
║ Fuel load (w0):                0.034 lb/ft²
║ Surface-area-to-volume (σ):    3500 ft⁻¹
║ Fuel bed depth (δ):            1 ft
║ Moisture of extinction (Mx):   0.12
║ Heat content (h):              8000 BTU/lb
║ Total mineral content (ST):    0.0555
║ Effective mineral content (Se): 0.01
║ Particle density (ρp):         32 lb/ft³
╠════════════════════════════════════════════════════════════════════╣
║ Per-class fuel loads (multi-class Rothermel path active):          ║
║   1-hr  dead: 0.034 lb/ft²  σ=3500 ft⁻¹
╚════════════════════════════════════════════════════════════════════╝

Computed dt = 28.25222785
Wrote 0 negative phi points to phi_negative_0000.dat
No negative phi points found. Skipping convex hull output.
Time:0 with timestep:28.25222785
Time:28.25222785 with timestep:28.25222785
Time:56.5044557 with timestep:28.25222785
Time:84.75668355 with timestep:28.25222785
Time:113.0089114 with timestep:28.25222785
Time:141.2611392 with timestep:28.25222785
Time:169.5133671 with timestep:28.25222785
Time:197.7655949 with timestep:28.25222785
Time:226.0178228 with timestep:28.25222785
Time:254.2700506 with timestep:28.25222785
Wrote plt0010
Wrote 0 negative phi points to phi_negative_0010.dat
No negative phi points found. Skipping convex hull output.
Time:282.5222785 with timestep:28.25222785
Wrote final plt0011
Wrote 0 negative phi points to phi_negative_0011.dat
No negative phi points found. Skipping convex hull output.
Unused ParmParse Variables:
  [TOP]::sphere_center_x(nvals = 1)  :: [330050.0]
  [TOP]::sphere_center_y(nvals = 1)  :: [3775050.0]
  [TOP]::sphere_center_z(nvals = 1)  :: [0.5]

AMReX (26.04) finalized
<end of output>
Test time =   0.03 sec
----------------------------------------------------------
Test Passed.
"rothermel_fuel" end time: May 02 06:03 UTC
"rothermel_fuel" time elapsed: 00:00:00
----------------------------------------------------------

2/8 Testing: farsite_ellipse
2/8 Test: farsite_ellipse
Command: "/home/runner/work/wildfire_levelset/wildfire_levelset/build_check/levelset" "/home/runner/work/wildfire_levelset/wildfire_levelset/regtest/farsite_ellipse/inputs.i"
Directory: /home/runner/work/wildfire_levelset/wildfire_levelset/build_check/regtest/farsite_ellipse
"farsite_ellipse" start time: May 02 06:03 UTC
Output:
----------------------------------------------------------
Initializing AMReX (26.04)...
AMReX (26.04) initialized
Using fuel model: FM4 - Chaparral (6 ft)

╔════════════════════════════════════════════════════════════════════╗
║ Fuel Model: FM4 - Chaparral (6 ft)
╠════════════════════════════════════════════════════════════════════╣
║ Fuel load (w0):                0.23 lb/ft²
║ Surface-area-to-volume (σ):    2000 ft⁻¹
║ Fuel bed depth (δ):            6 ft
║ Moisture of extinction (Mx):   0.2
║ Heat content (h):              8000 BTU/lb
║ Total mineral content (ST):    0.0555
║ Effective mineral content (Se): 0.01
║ Particle density (ρp):         32 lb/ft³
╠════════════════════════════════════════════════════════════════════╣
║ Per-class fuel loads (multi-class Rothermel path active):          ║
║   1-hr  dead: 0.23 lb/ft²  σ=2000 ft⁻¹
║   10-hr dead: 0.184 lb/ft²  σ=109 ft⁻¹
║   100-hr dead:0.092 lb/ft²  σ=30 ft⁻¹
║   Live herb:  0.23 lb/ft²  σ=1500 ft⁻¹
╚════════════════════════════════════════════════════════════════════╝

Computed dt = 7.571072934
Wrote 144 negative phi points to phi_negative_0000.dat
Wrote 4 convex hull points (from 24 negative phi points) to phi_envelope_0000.dat
Time:0 with timestep:7.571072934
Time:7.571072934 with timestep:7.571072934
Time:15.14214587 with timestep:7.571072934
Time:22.7132188 with timestep:7.571072934
Time:30.28429174 with timestep:7.571072934
Time:37.85536467 with timestep:7.571072934
Time:45.4264376 with timestep:7.571072934
Time:52.99751054 with timestep:7.571072934
Time:60.56858347 with timestep:7.571072934
Time:68.13965641 with timestep:7.571072934
Wrote plt0010
Wrote 463 negative phi points to phi_negative_0010.dat
Wrote 12 convex hull points (from 44 negative phi points) to phi_envelope_0010.dat
Time:75.71072934 with timestep:7.571072934
Time:83.28180228 with timestep:7.571072934
Time:90.85287521 with timestep:7.571072934
Time:98.42394814 with timestep:7.571072934
Time:105.9950211 with timestep:7.571072934
Time:113.566094 with timestep:7.571072934
Wrote final plt0016
Wrote 735 negative phi points to phi_negative_0016.dat
Wrote 16 convex hull points (from 56 negative phi points) to phi_envelope_0016.dat
AMReX (26.04) finalized
<end of output>
Test time =   0.04 sec
----------------------------------------------------------
Test Passed.
"farsite_ellipse" end time: May 02 06:03 UTC
"farsite_ellipse" time elapsed: 00:00:00
----------------------------------------------------------

4/8 Testing: anderson_lw
4/8 Test: anderson_lw
Command: "/home/runner/work/wildfire_levelset/wildfire_levelset/build_check/levelset" "/home/runner/work/wildfire_levelset/wildfire_levelset/regtest/anderson_lw/inputs.i"
Directory: /home/runner/work/wildfire_levelset/wildfire_levelset/build_check/regtest/anderson_lw
"anderson_lw" start time: May 02 06:03 UTC
Output:
----------------------------------------------------------
Initializing AMReX (26.04)...
AMReX (26.04) initialized
Using fuel model: FM4 - Chaparral (6 ft)

╔════════════════════════════════════════════════════════════════════╗
║ Fuel Model: FM4 - Chaparral (6 ft)
╠════════════════════════════════════════════════════════════════════╣
║ Fuel load (w0):                0.23 lb/ft²
║ Surface-area-to-volume (σ):    2000 ft⁻¹
║ Fuel bed depth (δ):            6 ft
║ Moisture of extinction (Mx):   0.2
║ Heat content (h):              8000 BTU/lb
║ Total mineral content (ST):    0.0555
║ Effective mineral content (Se): 0.01
║ Particle density (ρp):         32 lb/ft³
╠════════════════════════════════════════════════════════════════════╣
║ Per-class fuel loads (multi-class Rothermel path active):          ║
║   1-hr  dead: 0.23 lb/ft²  σ=2000 ft⁻¹
║   10-hr dead: 0.184 lb/ft²  σ=109 ft⁻¹
║   100-hr dead:0.092 lb/ft²  σ=30 ft⁻¹
║   Live herb:  0.23 lb/ft²  σ=1500 ft⁻¹
╚════════════════════════════════════════════════════════════════════╝

Computed dt = 6.020319105
Wrote 36 negative phi points to phi_negative_0000.dat
Wrote 4 convex hull points (from 12 negative phi points) to phi_envelope_0000.dat
Time:0 with timestep:6.020319105
Time:6.020319105 with timestep:6.020319105
Time:12.04063821 with timestep:6.020319105
Time:18.06095732 with timestep:6.020319105
Time:24.08127642 with timestep:6.020319105
Time:30.10159553 with timestep:6.020319105
Time:36.12191463 with timestep:6.020319105
Time:42.14223374 with timestep:6.020319105
Time:48.16255284 with timestep:6.020319105
Time:54.18287195 with timestep:6.020319105
Wrote plt0010
Wrote 231 negative phi points to phi_negative_0010.dat
Wrote 8 convex hull points (from 32 negative phi points) to phi_envelope_0010.dat
Time:60.20319105 with timestep:6.020319105
Time:66.22351016 with timestep:6.020319105
Time:72.24382926 with timestep:6.020319105
Time:78.26414837 with timestep:6.020319105
Time:84.28446747 with timestep:6.020319105
Time:90.30478658 with timestep:6.020319105
Time:96.32510568 with timestep:6.020319105
Time:102.3454248 with timestep:6.020319105
Time:108.3657439 with timestep:6.020319105
Time:114.386063 with timestep:6.020319105
Wrote plt0020
Wrote 578 negative phi points to phi_negative_0020.dat
Wrote 15 convex hull points (from 52 negative phi points) to phi_envelope_0020.dat
AMReX (26.04) finalized
<end of output>
Test time =   0.04 sec
----------------------------------------------------------
Test Passed.
"anderson_lw" end time: May 02 06:03 UTC
"anderson_lw" time elapsed: 00:00:00
----------------------------------------------------------

7/8 Testing: landfire_farsite_setup
7/8 Test: landfire_farsite_setup
Command: "/usr/bin/python3.12" "/home/runner/work/wildfire_levelset/wildfire_levelset/regtest/landfire_farsite/create_landscape.py"
Directory: /home/runner/work/wildfire_levelset/wildfire_levelset/build_check/regtest/landfire_farsite
"landfire_farsite_setup" start time: May 02 06:03 UTC
Output:
----------------------------------------------------------
INFO: 'rasterio' not installed – skipping LANDFIRE download.
Generated synthetic landscape (11x11 = 121 points) → 'landscape.lcp'
Landscape file ready: 'landscape.lcp' (121 data rows)
<end of output>
Test time =   0.15 sec
----------------------------------------------------------
Test Passed.
"landfire_farsite_setup" end time: May 02 06:03 UTC
"landfire_farsite_setup" time elapsed: 00:00:00
----------------------------------------------------------

8/8 Testing: landfire_farsite
8/8 Test: landfire_farsite
Command: "/home/runner/work/wildfire_levelset/wildfire_levelset/build_check/levelset" "/home/runner/work/wildfire_levelset/wildfire_levelset/regtest/landfire_farsite/inputs.i"
Directory: /home/runner/work/wildfire_levelset/wildfire_levelset/build_check/regtest/landfire_farsite
"landfire_farsite" start time: May 02 06:03 UTC
Output:
----------------------------------------------------------
Initializing AMReX (26.04)...
AMReX (26.04) initialized
Using fuel model: FM4 - Chaparral (6 ft)

╔════════════════════════════════════════════════════════════════════╗
║ Fuel Model: FM4 - Chaparral (6 ft)
╠════════════════════════════════════════════════════════════════════╣
║ Fuel load (w0):                0.23 lb/ft²
║ Surface-area-to-volume (σ):    2000 ft⁻¹
║ Fuel bed depth (δ):            6 ft
║ Moisture of extinction (Mx):   0.2
║ Heat content (h):              8000 BTU/lb
║ Total mineral content (ST):    0.0555
║ Effective mineral content (Se): 0.01
║ Particle density (ρp):         32 lb/ft³
╠════════════════════════════════════════════════════════════════════╣
║ Per-class fuel loads (multi-class Rothermel path active):          ║
║   1-hr  dead: 0.23 lb/ft²  σ=2000 ft⁻¹
║   10-hr dead: 0.184 lb/ft²  σ=109 ft⁻¹
║   100-hr dead:0.092 lb/ft²  σ=30 ft⁻¹
║   Live herb:  0.23 lb/ft²  σ=1500 ft⁻¹
╚════════════════════════════════════════════════════════════════════╝

Landscape fuel model system: FBFM13 (Anderson 13) (rothermel.landscape_fuel_type = 13)
Read 121 landscape data points from landscape.lcp
Computed slopes from landscape file with 121 data points
Initialized terrain slopes from landscape file: landscape.lcp
Read 121 landscape data points from landscape.lcp
Interpolated landscape elevation from 121 data points
Read 121 landscape data points from landscape.lcp
Interpolated landscape slope/aspect/fuel from 121 data points
Built per-cell Rothermel lookup table: 14 entries (FBFM13)
Computed dt = 2.976712826
Wrote 14 negative phi points to phi_negative_0000.dat
Wrote 2 convex hull points (from 14 negative phi points) to phi_envelope_0000.dat
Time:0 with timestep:2.976712826
Time:2.976712826 with timestep:2.976712826
Time:5.953425652 with timestep:2.976712826
Time:8.930138477 with timestep:2.976712826
Time:11.9068513 with timestep:2.976712826
Time:14.88356413 with timestep:2.976712826
Time:17.86027695 with timestep:2.976712826
Time:20.83698978 with timestep:2.976712826
Time:23.81370261 with timestep:2.976712826
Time:26.79041543 with timestep:2.976712826
Wrote plt0010
Wrote 180 negative phi points to phi_negative_0010.dat
Wrote 9 convex hull points (from 48 negative phi points) to phi_envelope_0010.dat
Time:29.76712826 with timestep:2.976712826
Time:32.74384108 with timestep:2.976712826
Time:35.72055391 with timestep:2.976712826
Time:38.69726674 with timestep:2.976712826
Time:41.67397956 with timestep:2.976712826
Time:44.65069239 with timestep:2.976712826
Time:47.62740521 with timestep:2.976712826
Time:50.60411804 with timestep:2.976712826
Time:53.58083086 with timestep:2.976712826
Time:56.55754369 with timestep:2.976712826
Wrote plt0020
Wrote 368 negative phi points to phi_negative_0020.dat
Wrote 7 convex hull points (from 60 negative phi points) to phi_envelope_0020.dat
Time:59.53425652 with timestep:2.976712826
Time:62.51096934 with timestep:2.976712826
Time:65.48768217 with timestep:2.976712826
Time:68.46439499 with timestep:2.976712826
Time:71.44110782 with timestep:2.976712826
Time:74.41782064 with timestep:2.976712826
Time:77.39453347 with timestep:2.976712826
Time:80.3712463 with timestep:2.976712826
Time:83.34795912 with timestep:2.976712826
Time:86.32467195 with timestep:2.976712826
Wrote plt0030
Wrote 529 negative phi points to phi_negative_0030.dat
Wrote 7 convex hull points (from 60 negative phi points) to phi_envelope_0030.dat
Time:89.30138477 with timestep:2.976712826
Time:92.2780976 with timestep:2.976712826
Time:95.25481043 with timestep:2.976712826
Time:98.23152325 with timestep:2.976712826
Time:101.2082361 with timestep:2.976712826
Time:104.1849489 with timestep:2.976712826
Time:107.1616617 with timestep:2.976712826
Time:110.1383746 with timestep:2.976712826
Time:113.1150874 with timestep:2.976712826
Time:116.0918002 with timestep:2.976712826
Wrote plt0040
Wrote 684 negative phi points to phi_negative_0040.dat
Wrote 7 convex hull points (from 60 negative phi points) to phi_envelope_0040.dat
Time:119.068513 with timestep:2.976712826
Time:122.0452259 with timestep:2.976712826
Time:125.0219387 with timestep:2.976712826
Time:127.9986515 with timestep:2.976712826
Time:130.9753643 with timestep:2.976712826
Time:133.9520772 with timestep:2.976712826
Time:136.92879 with timestep:2.976712826
Time:139.9055028 with timestep:2.976712826
Time:142.8822156 with timestep:2.976712826
Time:145.8589285 with timestep:2.976712826
Wrote plt0050
Wrote 839 negative phi points to phi_negative_0050.dat
Wrote 9 convex hull points (from 60 negative phi points) to phi_envelope_0050.dat
Time:148.8356413 with timestep:2.976712826
Time:151.8123541 with timestep:2.976712826
Time:154.7890669 with timestep:2.976712826
Time:157.7657798 with timestep:2.976712826
Time:160.7424926 with timestep:2.976712826
Time:163.7192054 with timestep:2.976712826
Time:166.6959182 with timestep:2.976712826
Time:169.6726311 with timestep:2.976712826
Time:172.6493439 with timestep:2.976712826
Time:175.6260567 with timestep:2.976712826
Wrote plt0060
Wrote 900 negative phi points to phi_negative_0060.dat
Wrote 4 convex hull points (from 60 negative phi points) to phi_envelope_0060.dat
Time:178.6027695 with timestep:2.976712826
Wrote final plt0061
Wrote 900 negative phi points to phi_negative_0061.dat
Wrote 4 convex hull points (from 60 negative phi points) to phi_envelope_0061.dat
Unused ParmParse Variables:
  [TOP]::bbox_lat_max(nvals = 1)  :: [34.105]
  [TOP]::bbox_lat_min(nvals = 1)  :: [34.102]
  [TOP]::bbox_lon_max(nvals = 1)  :: [-118.840]
  [TOP]::bbox_lon_min(nvals = 1)  :: [-118.843]

AMReX (26.04) finalized
<end of output>
Test time =   0.06 sec
----------------------------------------------------------
Test Passed.
"landfire_farsite" end time: May 02 06:03 UTC
"landfire_farsite" time elapsed: 00:00:00
----------------------------------------------------------

6/8 Testing: time_dependent_wind
6/8 Test: time_dependent_wind
Command: "/home/runner/work/wildfire_levelset/wildfire_levelset/build_check/levelset" "/home/runner/work/wildfire_levelset/wildfire_levelset/regtest/time_dependent_wind/inputs.i"
Directory: /home/runner/work/wildfire_levelset/wildfire_levelset/build_check/regtest/time_dependent_wind
"time_dependent_wind" start time: May 02 06:03 UTC
Output:
----------------------------------------------------------
Initializing AMReX (26.04)...
AMReX (26.04) initialized
Using fuel model: FM4 - Chaparral (6 ft)

╔════════════════════════════════════════════════════════════════════╗
║ Fuel Model: FM4 - Chaparral (6 ft)
╠════════════════════════════════════════════════════════════════════╣
║ Fuel load (w0):                0.23 lb/ft²
║ Surface-area-to-volume (σ):    2000 ft⁻¹
║ Fuel bed depth (δ):            6 ft
║ Moisture of extinction (Mx):   0.2
║ Heat content (h):              8000 BTU/lb
║ Total mineral content (ST):    0.0555
║ Effective mineral content (Se): 0.01
║ Particle density (ρp):         32 lb/ft³
╠════════════════════════════════════════════════════════════════════╣
║ Per-class fuel loads (multi-class Rothermel path active):          ║
║   1-hr  dead: 0.23 lb/ft²  σ=2000 ft⁻¹
║   10-hr dead: 0.184 lb/ft²  σ=109 ft⁻¹
║   100-hr dead:0.092 lb/ft²  σ=30 ft⁻¹
║   Live herb:  0.23 lb/ft²  σ=1500 ft⁻¹
╚════════════════════════════════════════════════════════════════════╝

Using time-dependent wind fields with spacing = 3600 seconds
Loading wind fields: time_wind.csv and time_wind_1.csv at time 0 s
Read 121 velocity data points from time_wind.csv
Read 121 velocity data points from time_wind_1.csv
Computed dt = 5.97892005
Wrote 10 negative phi points to phi_negative_0000.dat
Wrote 2 convex hull points (from 10 negative phi points) to phi_envelope_0000.dat
Time:0 with timestep:5.97892005
Time:5.97892005 with timestep:5.97892005
Time:11.9578401 with timestep:5.982115287
Time:17.93995539 with timestep:5.985304652
Time:23.92526004 with timestep:5.988489811
Time:29.91374985 with timestep:5.991670712
Time:35.90542056 with timestep:5.99484731
Time:41.90026787 with timestep:5.998019555
Time:47.89828743 with timestep:6.0011874
Time:53.89947483 with timestep:6.004350796
Reinitializing at step 10
Reinitialized phi with dtau = 2 and niters = 6
Wrote plt0010
Wrote 207 negative phi points to phi_negative_0010.dat
Wrote 10 convex hull points (from 40 negative phi points) to phi_envelope_0010.dat
Time:59.90382562 with timestep:6.007509694
Time:65.91133532 with timestep:6.010664046
Time:71.92199936 with timestep:6.013813803
Time:77.93581317 with timestep:6.016958915
Time:83.95277208 with timestep:6.020099334
Time:89.97287142 with timestep:6.023235011
Time:95.99610643 with timestep:6.026365895
Time:102.0224723 with timestep:6.029491937
Time:108.0519643 with timestep:6.032613087
Time:114.0845773 with timestep:6.035729295
Reinitializing at step 20
Reinitialized phi with dtau = 2 and niters = 6
Wrote plt0020
Wrote 446 negative phi points to phi_negative_0020.dat
Wrote 13 convex hull points (from 63 negative phi points) to phi_envelope_0020.dat
Time:120.1203066 with timestep:6.038840512
Time:126.1591472 with timestep:6.041946686
Time:132.2010938 with timestep:6.045047768
Time:138.2461416 with timestep:6.048143707
Time:144.2942853 with timestep:6.051234452
Time:150.3455198 with timestep:6.054319952
Time:156.3998397 with timestep:6.057400157
Time:162.4572399 with timestep:6.060475015
Time:168.5177149 with timestep:6.063544475
Time:174.5812594 with timestep:6.066608486
Reinitializing at step 30
Reinitialized phi with dtau = 2 and niters = 6
Wrote plt0030
Wrote 815 negative phi points to phi_negative_0030.dat
Wrote 10 convex hull points (from 88 negative phi points) to phi_envelope_0030.dat
Time:180.6478678 with timestep:6.069666996
Time:186.7175348 with timestep:6.072719953
Time:192.7902548 with timestep:6.075767306
Time:198.8660221 with timestep:6.078809003
Time:204.9448311 with timestep:6.081844991
Time:211.0266761 with timestep:6.084875219
Time:217.1115513 with timestep:6.087899634
Time:223.199451 with timestep:6.090918184
Time:229.2903691 with timestep:6.093930816
Time:235.3843 with timestep:6.096937477
Reinitializing at step 40
Reinitialized phi with dtau = 2 and niters = 6
Wrote plt0040
Wrote 1228 negative phi points to phi_negative_0040.dat
Wrote 9 convex hull points (from 100 negative phi points) to phi_envelope_0040.dat
Time:241.4812374 with timestep:6.099938115
Time:247.5811755 with timestep:6.102932677
Time:253.6841082 with timestep:6.10592111
Time:259.7900293 with timestep:6.10890336
Time:265.8989327 with timestep:6.111879374
Time:272.0108121 with timestep:6.1148491
Time:278.1256612 with timestep:6.117812482
Time:284.2434736 with timestep:6.120769469
Time:290.3642431 with timestep:6.123720005
Time:296.4879631 with timestep:6.126664038
Reinitializing at step 50
Reinitialized phi with dtau = 2 and niters = 6
Wrote plt0050
Wrote 1588 negative phi points to phi_negative_0050.dat
Wrote 7 convex hull points (from 100 negative phi points) to phi_envelope_0050.dat
Time:302.6146272 with timestep:6.129601513
Time:308.7442287 with timestep:6.132532376
Time:314.876761 with timestep:6.135456574
Time:321.0122176 with timestep:6.138374051
Time:327.1505917 with timestep:6.141284754
Time:333.2918764 with timestep:6.144188628
Time:339.4360651 with timestep:6.147085619
Time:345.5831507 with timestep:6.149975672
Time:351.7331263 with timestep:6.152858733
Time:357.8859851 with timestep:6.155734746
Reinitializing at step 60
Reinitialized phi with dtau = 2 and niters = 6
Wrote plt0060
Wrote 1877 negative phi points to phi_negative_0060.dat
Wrote 6 convex hull points (from 100 negative phi points) to phi_envelope_0060.dat
Time:364.0417198 with timestep:6.158603657
Time:370.2003235 with timestep:6.161465411
Time:376.3617889 with timestep:6.164319952
Time:382.5261088 with timestep:6.167167227
Time:388.6932761 with timestep:6.170007179
Time:394.8632833 with timestep:6.172839753
Time:401.036123 with timestep:6.175664894
Time:407.2117879 with timestep:6.178482547
Time:413.3902704 with timestep:6.181292656
Time:419.5715631 with timestep:6.184095165
Reinitializing at step 70
Reinitialized phi with dtau = 2 and niters = 6
Wrote plt0070
Wrote 2094 negative phi points to phi_negative_0070.dat
Wrote 7 convex hull points (from 100 negative phi points) to phi_envelope_0070.dat
Time:425.7556583 with timestep:6.18689002
Time:431.9425483 with timestep:6.189677163
Time:438.1322255 with timestep:6.192456541
Time:444.324682 with timestep:6.195228096
Time:450.5199101 with timestep:6.197991774
Time:456.7179019 with timestep:6.200747517
Time:462.9186494 with timestep:6.203495271
Time:469.1221447 with timestep:6.206234979
Time:475.3283796 with timestep:6.208966586
Time:481.5373462 with timestep:6.211690035
Reinitializing at step 80
Reinitialized phi with dtau = 2 and niters = 6
Wrote plt0080
Wrote 2312 negative phi points to phi_negative_0080.dat
Wrote 7 convex hull points (from 100 negative phi points) to phi_envelope_0080.dat
Time:487.7490363 with timestep:6.21440527
Time:493.9634415 with timestep:6.217112235
Time:500.1805538 with timestep:6.219810873
Time:506.4003646 with timestep:6.22250113
Time:512.6228658 with timestep:6.225182948
Time:518.8480487 with timestep:6.227856271
Time:525.075905 with timestep:6.230521043
Time:531.306426 with timestep:6.233177208
Time:537.5396032 with timestep:6.235824709
Time:543.7754279 with timestep:6.238463489
Reinitializing at step 90
Reinitialized phi with dtau = 2 and niters = 6
Wrote plt0090
Wrote 2466 negative phi points to phi_negative_0090.dat
Wrote 5 convex hull points (from 100 negative phi points) to phi_envelope_0090.dat
Time:550.0138914 with timestep:6.241093494
Time:556.2549849 with timestep:6.243714666
Time:562.4986996 with timestep:6.246326948
Time:568.7450265 with timestep:6.248930285
Time:574.9939568 with timestep:6.251524621
Time:581.2454814 with timestep:6.254109898
Time:587.4995913 with timestep:6.25668606
Time:593.7562774 with timestep:6.259253051
Time:600.0155304 with timestep:6.261810815
Time:606.2773413 with timestep:6.264359296
Reinitializing at step 100
Reinitialized phi with dtau = 2 and niters = 6
Wrote plt0100
Wrote 2500 negative phi points to phi_negative_0100.dat
Wrote 4 convex hull points (from 100 negative phi points) to phi_envelope_0100.dat
Time:612.5417006 with timestep:6.266898436
Time:618.808599 with timestep:6.26942818
Time:625.0780272 with timestep:6.271948471
Time:631.3499756 with timestep:6.274459253
Time:637.6244349 with timestep:6.27696047
Time:643.9013954 with timestep:6.279452066
Time:650.1808474 with timestep:6.281933983
Time:656.4627814 with timestep:6.284406168
Time:662.7471876 with timestep:6.286868562
Time:669.0340561 with timestep:6.28932111
Reinitializing at step 110
Reinitialized phi with dtau = 2 and niters = 6
Wrote plt0110
Wrote 2500 negative phi points to phi_negative_0110.dat
Wrote 4 convex hull points (from 100 negative phi points) to phi_envelope_0110.dat
Time:675.3233773 with timestep:6.291763756
Time:681.615141 with timestep:6.294196444
Time:687.9093375 with timestep:6.296619118
Time:694.2059566 with timestep:6.299031722
Time:700.5049883 with timestep:6.301434201
Time:706.8064225 with timestep:6.303826498
Time:713.110249 with timestep:6.306208558
Time:719.4164576 with timestep:6.308580325
Time:725.7250379 with timestep:6.310941743
Time:732.0359796 with timestep:6.313292757
Reinitializing at step 120
Reinitialized phi with dtau = 2 and niters = 6
Wrote plt0120
Wrote 2499 negative phi points to phi_negative_0120.dat
Wrote 4 convex hull points (from 100 negative phi points) to phi_envelope_0120.dat
Time:738.3492724 with timestep:6.315633313
Time:744.6649057 with timestep:6.317963353
Wrote final plt0122
Wrote 2500 negative phi points to phi_negative_0122.dat
Wrote 4 convex hull points (from 100 negative phi points) to phi_envelope_0122.dat
AMReX (26.04) finalized
<end of output>
Test time =   0.42 sec
----------------------------------------------------------
Test Passed.
"time_dependent_wind" end time: May 02 06:03 UTC
"time_dependent_wind" time elapsed: 00:00:00
----------------------------------------------------------

5/8 Testing: terrain_wind
5/8 Test: terrain_wind
Command: "/home/runner/work/wildfire_levelset/wildfire_levelset/build_check/levelset" "/home/runner/work/wildfire_levelset/wildfire_levelset/regtest/terrain_wind/inputs.i"
Directory: /home/runner/work/wildfire_levelset/wildfire_levelset/build_check/regtest/terrain_wind
"terrain_wind" start time: May 02 06:03 UTC
Output:
----------------------------------------------------------
Initializing AMReX (26.04)...
AMReX (26.04) initialized
Using fuel model: FM4 - Chaparral (6 ft)

╔════════════════════════════════════════════════════════════════════╗
║ Fuel Model: FM4 - Chaparral (6 ft)
╠════════════════════════════════════════════════════════════════════╣
║ Fuel load (w0):                0.23 lb/ft²
║ Surface-area-to-volume (σ):    2000 ft⁻¹
║ Fuel bed depth (δ):            6 ft
║ Moisture of extinction (Mx):   0.2
║ Heat content (h):              8000 BTU/lb
║ Total mineral content (ST):    0.0555
║ Effective mineral content (Se): 0.01
║ Particle density (ρp):         32 lb/ft³
╠════════════════════════════════════════════════════════════════════╣
║ Per-class fuel loads (multi-class Rothermel path active):          ║
║   1-hr  dead: 0.23 lb/ft²  σ=2000 ft⁻¹
║   10-hr dead: 0.184 lb/ft²  σ=109 ft⁻¹
║   100-hr dead:0.092 lb/ft²  σ=30 ft⁻¹
║   Live herb:  0.23 lb/ft²  σ=1500 ft⁻¹
╚════════════════════════════════════════════════════════════════════╝

Read 2500 velocity data points from gaussian_hill_wind.csv
Velocity field interpolated from unstructured data
Read 2500 terrain data points from gaussian_hill_terrain.csv
Computed terrain slopes from unstructured data
Initialized terrain slopes from terrain file: gaussian_hill_terrain.csv
Interpolated terrain elevation from 2500 data points
Computed dt = 1.893307307
Wrote 120 negative phi points to phi_negative_0000.dat
Wrote 4 convex hull points (from 120 negative phi points) to phi_envelope_0000.dat
Time:0 with timestep:1.893307307
Time:1.893307307 with timestep:1.893307307
Time:3.786614613 with timestep:1.893307307
Time:5.67992192 with timestep:1.893307307
Time:7.573229226 with timestep:1.893307307
Time:9.466536533 with timestep:1.893307307
Time:11.35984384 with timestep:1.893307307
Time:13.25315115 with timestep:1.893307307
Time:15.14645845 with timestep:1.893307307
Time:17.03976576 with timestep:1.893307307
Time:18.93307307 with timestep:1.893307307
Time:20.82638037 with timestep:1.893307307
Time:22.71968768 with timestep:1.893307307
Time:24.61299499 with timestep:1.893307307
Time:26.50630229 with timestep:1.893307307
Time:28.3996096 with timestep:1.893307307
Time:30.2929169 with timestep:1.893307307
Time:32.18622421 with timestep:1.893307307
Time:34.07953152 with timestep:1.893307307
Time:35.97283882 with timestep:1.893307307
Reinitializing at step 20
Reinitialized phi with dtau = 1 and niters = 6
Wrote plt0020
Wrote 1009 negative phi points to phi_negative_0020.dat
Wrote 13 convex hull points (from 144 negative phi points) to phi_envelope_0020.dat
Time:37.86614613 with timestep:1.893307307
Time:39.75945344 with timestep:1.893307307
Time:41.65276074 with timestep:1.893307307
Time:43.54606805 with timestep:1.893307307
Time:45.43937536 with timestep:1.893307307
Time:47.33268266 with timestep:1.893307307
Time:49.22598997 with timestep:1.893307307
Time:51.11929728 with timestep:1.893307307
Time:53.01260458 with timestep:1.893307307
Time:54.90591189 with timestep:1.893307307
Time:56.7992192 with timestep:1.893307307
Time:58.6925265 with timestep:1.893307307
Time:60.58583381 with timestep:1.893307307
Time:62.47914112 with timestep:1.893307307
Time:64.37244842 with timestep:1.893307307
Time:66.26575573 with timestep:1.893307307
Time:68.15906304 with timestep:1.893307307
Time:70.05237034 with timestep:1.893307307
Time:71.94567765 with timestep:1.893307307
Time:73.83898496 with timestep:1.893307307
Reinitializing at step 40
Reinitialized phi with dtau = 1 and niters = 6
Wrote plt0040
Wrote 2067 negative phi points to phi_negative_0040.dat
Wrote 14 convex hull points (from 182 negative phi points) to phi_envelope_0040.dat
Time:75.73229226 with timestep:1.893307307
Time:77.62559957 with timestep:1.893307307
Time:79.51890688 with timestep:1.893307307
Time:81.41221418 with timestep:1.893307307
Time:83.30552149 with timestep:1.893307307
Time:85.19882879 with timestep:1.893307307
Time:87.0921361 with timestep:1.893307307
Time:88.98544341 with timestep:1.893307307
Time:90.87875071 with timestep:1.893307307
Time:92.77205802 with timestep:1.893307307
Time:94.66536533 with timestep:1.893307307
Time:96.55867263 with timestep:1.893307307
Time:98.45197994 with timestep:1.893307307
Time:100.3452872 with timestep:1.893307307
Time:102.2385946 with timestep:1.893307307
Time:104.1319019 with timestep:1.893307307
Time:106.0252092 with timestep:1.893307307
Time:107.9185165 with timestep:1.893307307
Time:109.8118238 with timestep:1.893307307
Time:111.7051311 with timestep:1.893307307
Reinitializing at step 60
Reinitialized phi with dtau = 1 and niters = 6
Wrote plt0060
Wrote 2890 negative phi points to phi_negative_0060.dat
Wrote 14 convex hull points (from 200 negative phi points) to phi_envelope_0060.dat
Time:113.5984384 with timestep:1.893307307
Time:115.4917457 with timestep:1.893307307
Time:117.385053 with timestep:1.893307307
Time:119.2783603 with timestep:1.893307307
Time:121.1716676 with timestep:1.893307307
Time:123.0649749 with timestep:1.893307307
Time:124.9582822 with timestep:1.893307307
Time:126.8515895 with timestep:1.893307307
Time:128.7448968 with timestep:1.893307307
Time:130.6382042 with timestep:1.893307307
Time:132.5315115 with timestep:1.893307307
Time:134.4248188 with timestep:1.893307307
Time:136.3181261 with timestep:1.893307307
Time:138.2114334 with timestep:1.893307307
Time:140.1047407 with timestep:1.893307307
Time:141.998048 with timestep:1.893307307
Time:143.8913553 with timestep:1.893307307
Time:145.7846626 with timestep:1.893307307
Time:147.6779699 with timestep:1.893307307
Time:149.5712772 with timestep:1.893307307
Reinitializing at step 80
Reinitialized phi with dtau = 1 and niters = 6
Wrote plt0080
Wrote 4148 negative phi points to phi_negative_0080.dat
Wrote 6 convex hull points (from 200 negative phi points) to phi_envelope_0080.dat
Time:151.4645845 with timestep:1.893307307
Time:153.3578918 with timestep:1.893307307
Time:155.2511991 with timestep:1.893307307
Time:157.1445064 with timestep:1.893307307
Time:159.0378138 with timestep:1.893307307
Time:160.9311211 with timestep:1.893307307
Time:162.8244284 with timestep:1.893307307
Time:164.7177357 with timestep:1.893307307
Time:166.611043 with timestep:1.893307307
Time:168.5043503 with timestep:1.893307307
Time:170.3976576 with timestep:1.893307307
Time:172.2909649 with timestep:1.893307307
Time:174.1842722 with timestep:1.893307307
Time:176.0775795 with timestep:1.893307307
Time:177.9708868 with timestep:1.893307307
Time:179.8641941 with timestep:1.893307307
Time:181.7575014 with timestep:1.893307307
Time:183.6508087 with timestep:1.893307307
Time:185.544116 with timestep:1.893307307
Time:187.4374233 with timestep:1.893307307
Reinitializing at step 100
Reinitialized phi with dtau = 1 and niters = 6
Wrote plt0100
Wrote 6301 negative phi points to phi_negative_0100.dat
Wrote 9 convex hull points (from 200 negative phi points) to phi_envelope_0100.dat
Time:189.3307307 with timestep:1.893307307
Time:191.224038 with timestep:1.893307307
Time:193.1173453 with timestep:1.893307307
Time:195.0106526 with timestep:1.893307307
Time:196.9039599 with timestep:1.893307307
Time:198.7972672 with timestep:1.893307307
Time:200.6905745 with timestep:1.893307307
Time:202.5838818 with timestep:1.893307307
Time:204.4771891 with timestep:1.893307307
Time:206.3704964 with timestep:1.893307307
Time:208.2638037 with timestep:1.893307307
Time:210.157111 with timestep:1.893307307
Time:212.0504183 with timestep:1.893307307
Time:213.9437256 with timestep:1.893307307
Time:215.8370329 with timestep:1.893307307
Time:217.7303403 with timestep:1.893307307
Time:219.6236476 with timestep:1.893307307
Time:221.5169549 with timestep:1.893307307
Time:223.4102622 with timestep:1.893307307
Time:225.3035695 with timestep:1.893307307
Reinitializing at step 120
Reinitialized phi with dtau = 1 and niters = 6
Wrote plt0120
Wrote 8592 negative phi points to phi_negative_0120.dat
Wrote 8 convex hull points (from 200 negative phi points) to phi_envelope_0120.dat
Time:227.1968768 with timestep:1.893307307
Time:229.0901841 with timestep:1.893307307
Time:230.9834914 with timestep:1.893307307
Time:232.8767987 with timestep:1.893307307
Time:234.770106 with timestep:1.893307307
Time:236.6634133 with timestep:1.893307307
Time:238.5567206 with timestep:1.893307307
Time:240.4500279 with timestep:1.893307307
Time:242.3433352 with timestep:1.893307307
Time:244.2366425 with timestep:1.893307307
Time:246.1299499 with timestep:1.893307307
Time:248.0232572 with timestep:1.893307307
Time:249.9165645 with timestep:1.893307307
Time:251.8098718 with timestep:1.893307307
Time:253.7031791 with timestep:1.893307307
Time:255.5964864 with timestep:1.893307307
Time:257.4897937 with timestep:1.893307307
Time:259.383101 with timestep:1.893307307
Time:261.2764083 with timestep:1.893307307
Time:263.1697156 with timestep:1.893307307
Reinitializing at step 140
Reinitialized phi with dtau = 1 and niters = 6
Wrote plt0140
Wrote 9674 negative phi points to phi_negative_0140.dat
Wrote 7 convex hull points (from 200 negative phi points) to phi_envelope_0140.dat
Time:265.0630229 with timestep:1.893307307
Time:266.9563302 with timestep:1.893307307
Time:268.8496375 with timestep:1.893307307
Time:270.7429448 with timestep:1.893307307
Time:272.6362521 with timestep:1.893307307
Time:274.5295595 with timestep:1.893307307
Time:276.4228668 with timestep:1.893307307
Time:278.3161741 with timestep:1.893307307
Time:280.2094814 with timestep:1.893307307
Time:282.1027887 with timestep:1.893307307
Time:283.996096 with timestep:1.893307307
Time:285.8894033 with timestep:1.893307307
Time:287.7827106 with timestep:1.893307307
Time:289.6760179 with timestep:1.893307307
Time:291.5693252 with timestep:1.893307307
Time:293.4626325 with timestep:1.893307307
Time:295.3559398 with timestep:1.893307307
Time:297.2492471 with timestep:1.893307307
Time:299.1425544 with timestep:1.893307307
Time:301.0358617 with timestep:1.893307307
Reinitializing at step 160
Reinitialized phi with dtau = 1 and niters = 6
Wrote plt0160
Wrote 9931 negative phi points to phi_negative_0160.dat
Wrote 4 convex hull points (from 200 negative phi points) to phi_envelope_0160.dat
Time:302.929169 with timestep:1.893307307
Time:304.8224764 with timestep:1.893307307
Time:306.7157837 with timestep:1.893307307
Time:308.609091 with timestep:1.893307307
Time:310.5023983 with timestep:1.893307307
Time:312.3957056 with timestep:1.893307307
Time:314.2890129 with timestep:1.893307307
Time:316.1823202 with timestep:1.893307307
Time:318.0756275 with timestep:1.893307307
Time:319.9689348 with timestep:1.893307307
Time:321.8622421 with timestep:1.893307307
Time:323.7555494 with timestep:1.893307307
Time:325.6488567 with timestep:1.893307307
Time:327.542164 with timestep:1.893307307
Time:329.4354713 with timestep:1.893307307
Time:331.3287786 with timestep:1.893307307
Time:333.222086 with timestep:1.893307307
Time:335.1153933 with timestep:1.893307307
Time:337.0087006 with timestep:1.893307307
Time:338.9020079 with timestep:1.893307307
Reinitializing at step 180
Reinitialized phi with dtau = 1 and niters = 6
Wrote plt0180
Wrote 9999 negative phi points to phi_negative_0180.dat
Wrote 4 convex hull points (from 200 negative phi points) to phi_envelope_0180.dat
Time:340.7953152 with timestep:1.893307307
Time:342.6886225 with timestep:1.893307307
Time:344.5819298 with timestep:1.893307307
Time:346.4752371 with timestep:1.893307307
Time:348.3685444 with timestep:1.893307307
Time:350.2618517 with timestep:1.893307307
Time:352.155159 with timestep:1.893307307
Time:354.0484663 with timestep:1.893307307
Time:355.9417736 with timestep:1.893307307
Time:357.8350809 with timestep:1.893307307
Time:359.7283882 with timestep:1.893307307
Time:361.6216956 with timestep:1.893307307
Time:363.5150029 with timestep:1.893307307
Time:365.4083102 with timestep:1.893307307
Time:367.3016175 with timestep:1.893307307
Time:369.1949248 with timestep:1.893307307
Time:371.0882321 with timestep:1.893307307
Time:372.9815394 with timestep:1.893307307
Time:374.8748467 with timestep:1.893307307
Time:376.768154 with timestep:1.893307307
Reinitializing at step 200
Reinitialized phi with dtau = 1 and niters = 6
Wrote plt0200
Wrote 10000 negative phi points to phi_negative_0200.dat
Wrote 4 convex hull points (from 200 negative phi points) to phi_envelope_0200.dat
Time:378.6614613 with timestep:1.893307307
Time:380.5547686 with timestep:1.893307307
Time:382.4480759 with timestep:1.893307307
Time:384.3413832 with timestep:1.893307307
Time:386.2346905 with timestep:1.893307307
Time:388.1279978 with timestep:1.893307307
Time:390.0213051 with timestep:1.893307307
Time:391.9146125 with timestep:1.893307307
Time:393.8079198 with timestep:1.893307307
Time:395.7012271 with timestep:1.893307307
Time:397.5945344 with timestep:1.893307307
Time:399.4878417 with timestep:1.893307307
Time:401.381149 with timestep:1.893307307
Time:403.2744563 with timestep:1.893307307
Time:405.1677636 with timestep:1.893307307
Time:407.0610709 with timestep:1.893307307
Time:408.9543782 with timestep:1.893307307
Time:410.8476855 with timestep:1.893307307
Time:412.7409928 with timestep:1.893307307
Time:414.6343001 with timestep:1.893307307
Reinitializing at step 220
Reinitialized phi with dtau = 1 and niters = 6
Wrote plt0220
Wrote 10000 negative phi points to phi_negative_0220.dat
Wrote 4 convex hull points (from 200 negative phi points) to phi_envelope_0220.dat
Time:416.5276074 with timestep:1.893307307
Time:418.4209147 with timestep:1.893307307
Time:420.3142221 with timestep:1.893307307
Time:422.2075294 with timestep:1.893307307
Time:424.1008367 with timestep:1.893307307
Time:425.994144 with timestep:1.893307307
Time:427.8874513 with timestep:1.893307307
Time:429.7807586 with timestep:1.893307307
Time:431.6740659 with timestep:1.893307307
Time:433.5673732 with timestep:1.893307307
Time:435.4606805 with timestep:1.893307307
Time:437.3539878 with timestep:1.893307307
Time:439.2472951 with timestep:1.893307307
Time:441.1406024 with timestep:1.893307307
Time:443.0339097 with timestep:1.893307307
Time:444.927217 with timestep:1.893307307
Time:446.8205243 with timestep:1.893307307
Time:448.7138317 with timestep:1.893307307
Time:450.607139 with timestep:1.893307307
Time:452.5004463 with timestep:1.893307307
Reinitializing at step 240
Reinitialized phi with dtau = 1 and niters = 6
Wrote plt0240
Wrote 10000 negative phi points to phi_negative_0240.dat
Wrote 4 convex hull points (from 200 negative phi points) to phi_envelope_0240.dat
Time:454.3937536 with timestep:1.893307307
Time:456.2870609 with timestep:1.893307307
Time:458.1803682 with timestep:1.893307307
Time:460.0736755 with timestep:1.893307307
Time:461.9669828 with timestep:1.893307307
Time:463.8602901 with timestep:1.893307307
Time:465.7535974 with timestep:1.893307307
Time:467.6469047 with timestep:1.893307307
Time:469.540212 with timestep:1.893307307
Time:471.4335193 with timestep:1.893307307
Time:473.3268266 with timestep:1.893307307
Time:475.2201339 with timestep:1.893307307
Time:477.1134413 with timestep:1.893307307
Time:479.0067486 with timestep:1.893307307
Time:480.9000559 with timestep:1.893307307
Time:482.7933632 with timestep:1.893307307
Time:484.6866705 with timestep:1.893307307
Time:486.5799778 with timestep:1.893307307
Time:488.4732851 with timestep:1.893307307
Time:490.3665924 with timestep:1.893307307
Reinitializing at step 260
Reinitialized phi with dtau = 1 and niters = 6
Wrote plt0260
Wrote 10000 negative phi points to phi_negative_0260.dat
Wrote 4 convex hull points (from 200 negative phi points) to phi_envelope_0260.dat
Time:492.2598997 with timestep:1.893307307
Time:494.153207 with timestep:1.893307307
Time:496.0465143 with timestep:1.893307307
Time:497.9398216 with timestep:1.893307307
Time:499.8331289 with timestep:1.893307307
Time:501.7264362 with timestep:1.893307307
Time:503.6197435 with timestep:1.893307307
Time:505.5130508 with timestep:1.893307307
Time:507.4063582 with timestep:1.893307307
Time:509.2996655 with timestep:1.893307307
Time:511.1929728 with timestep:1.893307307
Time:513.0862801 with timestep:1.893307307
Time:514.9795874 with timestep:1.893307307
Time:516.8728947 with timestep:1.893307307
Time:518.766202 with timestep:1.893307307
Time:520.6595093 with timestep:1.893307307
Time:522.5528166 with timestep:1.893307307
Time:524.4461239 with timestep:1.893307307
Time:526.3394312 with timestep:1.893307307
Time:528.2327385 with timestep:1.893307307
Reinitializing at step 280
Reinitialized phi with dtau = 1 and niters = 6
Wrote plt0280
Wrote 9998 negative phi points to phi_negative_0280.dat
Wrote 4 convex hull points (from 200 negative phi points) to phi_envelope_0280.dat
Time:530.1260458 with timestep:1.893307307
Time:532.0193531 with timestep:1.893307307
Time:533.9126604 with timestep:1.893307307
Time:535.8059678 with timestep:1.893307307
Time:537.6992751 with timestep:1.893307307
Time:539.5925824 with timestep:1.893307307
Time:541.4858897 with timestep:1.893307307
Time:543.379197 with timestep:1.893307307
Time:545.2725043 with timestep:1.893307307
Time:547.1658116 with timestep:1.893307307
Time:549.0591189 with timestep:1.893307307
Time:550.9524262 with timestep:1.893307307
Time:552.8457335 with timestep:1.893307307
Time:554.7390408 with timestep:1.893307307
Time:556.6323481 with timestep:1.893307307
Time:558.5256554 with timestep:1.893307307
Time:560.4189627 with timestep:1.893307307
Time:562.31227 with timestep:1.893307307
Time:564.2055774 with timestep:1.893307307
Time:566.0988847 with timestep:1.893307307
Reinitializing at step 300
Reinitialized phi with dtau = 1 and niters = 6
Wrote plt0300
Wrote 9999 negative phi points to phi_negative_0300.dat
Wrote 4 convex hull points (from 200 negative phi points) to phi_envelope_0300.dat
Time:567.992192 with timestep:1.893307307
Time:569.8854993 with timestep:1.893307307
Time:571.7788066 with timestep:1.893307307
Time:573.6721139 with timestep:1.893307307
Time:575.5654212 with timestep:1.893307307
Time:577.4587285 with timestep:1.893307307
Time:579.3520358 with timestep:1.893307307
Time:581.2453431 with timestep:1.893307307
Time:583.1386504 with timestep:1.893307307
Time:585.0319577 with timestep:1.893307307
Time:586.925265 with timestep:1.893307307
Time:588.8185723 with timestep:1.893307307
Time:590.7118796 with timestep:1.893307307
Time:592.605187 with timestep:1.893307307
Time:594.4984943 with timestep:1.893307307
Time:596.3918016 with timestep:1.893307307
Time:598.2851089 with timestep:1.893307307
Time:600.1784162 with timestep:1.893307307
Time:602.0717235 with timestep:1.893307307
Time:603.9650308 with timestep:1.893307307
Reinitializing at step 320
Reinitialized phi with dtau = 1 and niters = 6
Wrote plt0320
Wrote 10000 negative phi points to phi_negative_0320.dat
Wrote 4 convex hull points (from 200 negative phi points) to phi_envelope_0320.dat
Time:605.8583381 with timestep:1.893307307
Time:607.7516454 with timestep:1.893307307
Time:609.6449527 with timestep:1.893307307
Time:611.53826 with timestep:1.893307307
Time:613.4315673 with timestep:1.893307307
Time:615.3248746 with timestep:1.893307307
Time:617.2181819 with timestep:1.893307307
Time:619.1114892 with timestep:1.893307307
Time:621.0047965 with timestep:1.893307307
Time:622.8981039 with timestep:1.893307307
Time:624.7914112 with timestep:1.893307307
Time:626.6847185 with timestep:1.893307307
Time:628.5780258 with timestep:1.893307307
Time:630.4713331 with timestep:1.893307307
Time:632.3646404 with timestep:1.893307307
Time:634.2579477 with timestep:1.893307307
Time:636.151255 with timestep:1.893307307
Time:638.0445623 with timestep:1.893307307
Time:639.9378696 with timestep:1.893307307
Time:641.8311769 with timestep:1.893307307
Reinitializing at step 340
Reinitialized phi with dtau = 1 and niters = 6
Wrote plt0340
Wrote 10000 negative phi points to phi_negative_0340.dat
Wrote 4 convex hull points (from 200 negative phi points) to phi_envelope_0340.dat
Time:643.7244842 with timestep:1.893307307
Time:645.6177915 with timestep:1.893307307
Time:647.5110988 with timestep:1.893307307
Time:649.4044061 with timestep:1.893307307
Time:651.2977135 with timestep:1.893307307
Time:653.1910208 with timestep:1.893307307
Time:655.0843281 with timestep:1.893307307
Time:656.9776354 with timestep:1.893307307
Time:658.8709427 with timestep:1.893307307
Time:660.76425 with timestep:1.893307307
Time:662.6575573 with timestep:1.893307307
Time:664.5508646 with timestep:1.893307307
Time:666.4441719 with timestep:1.893307307
Time:668.3374792 with timestep:1.893307307
Time:670.2307865 with timestep:1.893307307
Time:672.1240938 with timestep:1.893307307
Time:674.0174011 with timestep:1.893307307
Time:675.9107084 with timestep:1.893307307
Time:677.8040157 with timestep:1.893307307
Time:679.6973231 with timestep:1.893307307
Reinitializing at step 360
Reinitialized phi with dtau = 1 and niters = 6
Wrote plt0360
Wrote 10000 negative phi points to phi_negative_0360.dat
Wrote 4 convex hull points (from 200 negative phi points) to phi_envelope_0360.dat
Time:681.5906304 with timestep:1.893307307
Time:683.4839377 with timestep:1.893307307
Time:685.377245 with timestep:1.893307307
Time:687.2705523 with timestep:1.893307307
Time:689.1638596 with timestep:1.893307307
Time:691.0571669 with timestep:1.893307307
Time:692.9504742 with timestep:1.893307307
Time:694.8437815 with timestep:1.893307307
Time:696.7370888 with timestep:1.893307307
Time:698.6303961 with timestep:1.893307307
Time:700.5237034 with timestep:1.893307307
Time:702.4170107 with timestep:1.893307307
Time:704.310318 with timestep:1.893307307
Time:706.2036253 with timestep:1.893307307
Time:708.0969327 with timestep:1.893307307
Time:709.99024 with timestep:1.893307307
Time:711.8835473 with timestep:1.893307307
Time:713.7768546 with timestep:1.893307307
Time:715.6701619 with timestep:1.893307307
Time:717.5634692 with timestep:1.893307307
Reinitializing at step 380
Reinitialized phi with dtau = 1 and niters = 6
Wrote plt0380
Wrote 10000 negative phi points to phi_negative_0380.dat
Wrote 4 convex hull points (from 200 negative phi points) to phi_envelope_0380.dat
Time:719.4567765 with timestep:1.893307307
Time:721.3500838 with timestep:1.893307307
Time:723.2433911 with timestep:1.893307307
Time:725.1366984 with timestep:1.893307307
Time:727.0300057 with timestep:1.893307307
Time:728.923313 with timestep:1.893307307
Time:730.8166203 with timestep:1.893307307
Time:732.7099276 with timestep:1.893307307
Time:734.6032349 with timestep:1.893307307
Time:736.4965422 with timestep:1.893307307
Time:738.3898496 with timestep:1.893307307
Time:740.2831569 with timestep:1.893307307
Time:742.1764642 with timestep:1.893307307
Time:744.0697715 with timestep:1.893307307
Time:745.9630788 with timestep:1.893307307
Time:747.8563861 with timestep:1.893307307
Time:749.7496934 with timestep:1.893307307
Time:751.6430007 with timestep:1.893307307
Time:753.536308 with timestep:1.893307307
Time:755.4296153 with timestep:1.893307307
Reinitializing at step 400
Reinitialized phi with dtau = 1 and niters = 6
Wrote plt0400
Wrote 10000 negative phi points to phi_negative_0400.dat
Wrote 4 convex hull points (from 200 negative phi points) to phi_envelope_0400.dat
Time:757.3229226 with timestep:1.893307307
Time:759.2162299 with timestep:1.893307307
Time:761.1095372 with timestep:1.893307307
Time:763.0028445 with timestep:1.893307307
Time:764.8961518 with timestep:1.893307307
Time:766.7894592 with timestep:1.893307307
Time:768.6827665 with timestep:1.893307307
Time:770.5760738 with timestep:1.893307307
Time:772.4693811 with timestep:1.893307307
Time:774.3626884 with timestep:1.893307307
Time:776.2559957 with timestep:1.893307307
Time:778.149303 with timestep:1.893307307
Time:780.0426103 with timestep:1.893307307
Time:781.9359176 with timestep:1.893307307
Time:783.8292249 with timestep:1.893307307
Time:785.7225322 with timestep:1.893307307
Time:787.6158395 with timestep:1.893307307
Time:789.5091468 with timestep:1.893307307
Time:791.4024541 with timestep:1.893307307
Time:793.2957614 with timestep:1.893307307
Reinitializing at step 420
Reinitialized phi with dtau = 1 and niters = 6
Wrote plt0420
Wrote 10000 negative phi points to phi_negative_0420.dat
Wrote 4 convex hull points (from 200 negative phi points) to phi_envelope_0420.dat
Time:795.1890688 with timestep:1.893307307
Time:797.0823761 with timestep:1.893307307
Time:798.9756834 with timestep:1.893307307
Time:800.8689907 with timestep:1.893307307
Time:802.762298 with timestep:1.893307307
Time:804.6556053 with timestep:1.893307307
Time:806.5489126 with timestep:1.893307307
Time:808.4422199 with timestep:1.893307307
Time:810.3355272 with timestep:1.893307307
Time:812.2288345 with timestep:1.893307307
Time:814.1221418 with timestep:1.893307307
Time:816.0154491 with timestep:1.893307307
Time:817.9087564 with timestep:1.893307307
Time:819.8020637 with timestep:1.893307307
Time:821.695371 with timestep:1.893307307
Time:823.5886784 with timestep:1.893307307
Time:825.4819857 with timestep:1.893307307
Time:827.375293 with timestep:1.893307307
Time:829.2686003 with timestep:1.893307307
Time:831.1619076 with timestep:1.893307307
Reinitializing at step 440
Reinitialized phi with dtau = 1 and niters = 6
Wrote plt0440
Wrote 9994 negative phi points to phi_negative_0440.dat
Wrote 4 convex hull points (from 200 negative phi points) to phi_envelope_0440.dat
Time:833.0552149 with timestep:1.893307307
Time:834.9485222 with timestep:1.893307307
Time:836.8418295 with timestep:1.893307307
Time:838.7351368 with timestep:1.893307307
Time:840.6284441 with timestep:1.893307307
Time:842.5217514 with timestep:1.893307307
Time:844.4150587 with timestep:1.893307307
Time:846.308366 with timestep:1.893307307
Time:848.2016733 with timestep:1.893307307
Time:850.0949806 with timestep:1.893307307
Time:851.9882879 with timestep:1.893307307
Time:853.8815953 with timestep:1.893307307
Time:855.7749026 with timestep:1.893307307
Time:857.6682099 with timestep:1.893307307
Time:859.5615172 with timestep:1.893307307
Time:861.4548245 with timestep:1.893307307
Time:863.3481318 with timestep:1.893307307
Time:865.2414391 with timestep:1.893307307
Time:867.1347464 with timestep:1.893307307
Time:869.0280537 with timestep:1.893307307
Reinitializing at step 460
Reinitialized phi with dtau = 1 and niters = 6
Wrote plt0460
Wrote 9979 negative phi points to phi_negative_0460.dat
Wrote 4 convex hull points (from 200 negative phi points) to phi_envelope_0460.dat
Time:870.921361 with timestep:1.893307307
Time:872.8146683 with timestep:1.893307307
Time:874.7079756 with timestep:1.893307307
Time:876.6012829 with timestep:1.893307307
Time:878.4945902 with timestep:1.893307307
Time:880.3878975 with timestep:1.893307307
Time:882.2812049 with timestep:1.893307307
Time:884.1745122 with timestep:1.893307307
Time:886.0678195 with timestep:1.893307307
Time:887.9611268 with timestep:1.893307307
Time:889.8544341 with timestep:1.893307307
Time:891.7477414 with timestep:1.893307307
Time:893.6410487 with timestep:1.893307307
Time:895.534356 with timestep:1.893307307
Time:897.4276633 with timestep:1.893307307
Time:899.3209706 with timestep:1.893307307
Time:901.2142779 with timestep:1.893307307
Time:903.1075852 with timestep:1.893307307
Time:905.0008925 with timestep:1.893307307
Time:906.8941998 with timestep:1.893307307
Reinitializing at step 480
Reinitialized phi with dtau = 1 and niters = 6
Wrote plt0480
Wrote 9961 negative phi points to phi_negative_0480.dat
Wrote 4 convex hull points (from 200 negative phi points) to phi_envelope_0480.dat
Time:908.7875071 with timestep:1.893307307
Time:910.6808145 with timestep:1.893307307
Time:912.5741218 with timestep:1.893307307
Time:914.4674291 with timestep:1.893307307
Time:916.3607364 with timestep:1.893307307
Time:918.2540437 with timestep:1.893307307
Time:920.147351 with timestep:1.893307307
Time:922.0406583 with timestep:1.893307307
Time:923.9339656 with timestep:1.893307307
Time:925.8272729 with timestep:1.893307307
Time:927.7205802 with timestep:1.893307307
Time:929.6138875 with timestep:1.893307307
Time:931.5071948 with timestep:1.893307307
Time:933.4005021 with timestep:1.893307307
Time:935.2938094 with timestep:1.893307307
Time:937.1871167 with timestep:1.893307307
Time:939.080424 with timestep:1.893307307
Time:940.9737314 with timestep:1.893307307
Time:942.8670387 with timestep:1.893307307
Time:944.760346 with timestep:1.893307307
Reinitializing at step 500
Reinitialized phi with dtau = 1 and niters = 6
Wrote plt0500
Wrote 9943 negative phi points to phi_negative_0500.dat
Wrote 4 convex hull points (from 200 negative phi points) to phi_envelope_0500.dat
Time:946.6536533 with timestep:1.893307307
Time:948.5469606 with timestep:1.893307307
Time:950.4402679 with timestep:1.893307307
Time:952.3335752 with timestep:1.893307307
Time:954.2268825 with timestep:1.893307307
Time:956.1201898 with timestep:1.893307307
Time:958.0134971 with timestep:1.893307307
Time:959.9068044 with timestep:1.893307307
Time:961.8001117 with timestep:1.893307307
Time:963.693419 with timestep:1.893307307
Time:965.5867263 with timestep:1.893307307
Time:967.4800336 with timestep:1.893307307
Time:969.373341 with timestep:1.893307307
Time:971.2666483 with timestep:1.893307307
Time:973.1599556 with timestep:1.893307307
Time:975.0532629 with timestep:1.893307307
Time:976.9465702 with timestep:1.893307307
Time:978.8398775 with timestep:1.893307307
Time:980.7331848 with timestep:1.893307307
Time:982.6264921 with timestep:1.893307307
Reinitializing at step 520
Reinitialized phi with dtau = 1 and niters = 6
Wrote plt0520
Wrote 9936 negative phi points to phi_negative_0520.dat
Wrote 4 convex hull points (from 200 negative phi points) to phi_envelope_0520.dat
Time:984.5197994 with timestep:1.893307307
Time:986.4131067 with timestep:1.893307307
Time:988.306414 with timestep:1.893307307
Time:990.1997213 with timestep:1.893307307
Time:992.0930286 with timestep:1.893307307
Time:993.9863359 with timestep:1.893307307
Time:995.8796432 with timestep:1.893307307
Time:997.7729506 with timestep:1.893307307
Time:999.6662579 with timestep:1.893307307
Time:1001.559565 with timestep:1.893307307
Time:1003.452872 with timestep:1.893307307
Time:1005.34618 with timestep:1.893307307
Time:1007.239487 with timestep:1.893307307
Time:1009.132794 with timestep:1.893307307
Time:1011.026102 with timestep:1.893307307
Time:1012.919409 with timestep:1.893307307
Time:1014.812716 with timestep:1.893307307
Time:1016.706024 with timestep:1.893307307
Time:1018.599331 with timestep:1.893307307
Time:1020.492638 with timestep:1.893307307
Reinitializing at step 540
Reinitialized phi with dtau = 1 and niters = 6
Wrote plt0540
Wrote 9914 negative phi points to phi_negative_0540.dat
Wrote 4 convex hull points (from 200 negative phi points) to phi_envelope_0540.dat
Time:1022.385946 with timestep:1.893307307
Time:1024.279253 with timestep:1.893307307
Time:1026.17256 with timestep:1.893307307
Time:1028.065867 with timestep:1.893307307
Time:1029.959175 with timestep:1.893307307
Time:1031.852482 with timestep:1.893307307
Time:1033.745789 with timestep:1.893307307
Time:1035.639097 with timestep:1.893307307
Time:1037.532404 with timestep:1.893307307
Time:1039.425711 with timestep:1.893307307
Time:1041.319019 with timestep:1.893307307
Time:1043.212326 with timestep:1.893307307
Time:1045.105633 with timestep:1.893307307
Time:1046.998941 with timestep:1.893307307
Time:1048.892248 with timestep:1.893307307
Time:1050.785555 with timestep:1.893307307
Time:1052.678862 with timestep:1.893307307
Time:1054.57217 with timestep:1.893307307
Time:1056.465477 with timestep:1.893307307
Time:1058.358784 with timestep:1.893307307
Reinitializing at step 560
Reinitialized phi with dtau = 1 and niters = 6
Wrote plt0560
Wrote 9876 negative phi points to phi_negative_0560.dat
Wrote 4 convex hull points (from 200 negative phi points) to phi_envelope_0560.dat
Time:1060.252092 with timestep:1.893307307
Time:1062.145399 with timestep:1.893307307
Time:1064.038706 with timestep:1.893307307
Time:1065.932014 with timestep:1.893307307
Time:1067.825321 with timestep:1.893307307
Time:1069.718628 with timestep:1.893307307
Time:1071.611936 with timestep:1.893307307
Time:1073.505243 with timestep:1.893307307
Time:1075.39855 with timestep:1.893307307
Time:1077.291857 with timestep:1.893307307
Time:1079.185165 with timestep:1.893307307
Time:1081.078472 with timestep:1.893307307
Time:1082.971779 with timestep:1.893307307
Time:1084.865087 with timestep:1.893307307
Time:1086.758394 with timestep:1.893307307
Time:1088.651701 with timestep:1.893307307
Time:1090.545009 with timestep:1.893307307
Time:1092.438316 with timestep:1.893307307
Time:1094.331623 with timestep:1.893307307
Time:1096.22493 with timestep:1.893307307
Reinitializing at step 580
Reinitialized phi with dtau = 1 and niters = 6
Wrote plt0580
Wrote 9846 negative phi points to phi_negative_0580.dat
Wrote 4 convex hull points (from 200 negative phi points) to phi_envelope_0580.dat
Time:1098.118238 with timestep:1.893307307
Time:1100.011545 with timestep:1.893307307
Time:1101.904852 with timestep:1.893307307
Time:1103.79816 with timestep:1.893307307
Time:1105.691467 with timestep:1.893307307
Time:1107.584774 with timestep:1.893307307
Time:1109.478082 with timestep:1.893307307
Time:1111.371389 with timestep:1.893307307
Time:1113.264696 with timestep:1.893307307
Time:1115.158004 with timestep:1.893307307
Time:1117.051311 with timestep:1.893307307
Time:1118.944618 with timestep:1.893307307
Time:1120.837925 with timestep:1.893307307
Time:1122.731233 with timestep:1.893307307
Time:1124.62454 with timestep:1.893307307
Time:1126.517847 with timestep:1.893307307
Time:1128.411155 with timestep:1.893307307
Time:1130.304462 with timestep:1.893307307
Time:1132.197769 with timestep:1.893307307
Time:1134.091077 with timestep:1.893307307
Reinitializing at step 600
Reinitialized phi with dtau = 1 and niters = 6
Wrote plt0600
Wrote 5687 negative phi points to phi_negative_0600.dat
Wrote 4 convex hull points (from 200 negative phi points) to phi_envelope_0600.dat
Time:1135.984384 with timestep:1.893307307
Time:1137.877691 with timestep:1.893307307
Time:1139.770999 with timestep:1.893307307
Time:1141.664306 with timestep:1.893307307
Time:1143.557613 with timestep:1.893307307
Time:1145.45092 with timestep:1.893307307
Time:1147.344228 with timestep:1.893307307
Time:1149.237535 with timestep:1.893307307
Time:1151.130842 with timestep:1.893307307
Time:1153.02415 with timestep:1.893307307
Time:1154.917457 with timestep:1.893307307
Time:1156.810764 with timestep:1.893307307
Time:1158.704072 with timestep:1.893307307
Time:1160.597379 with timestep:1.893307307
Time:1162.490686 with timestep:1.893307307
Time:1164.383994 with timestep:1.893307307
Time:1166.277301 with timestep:1.893307307
Time:1168.170608 with timestep:1.893307307
Time:1170.063915 with timestep:1.893307307
Time:1171.957223 with timestep:1.893307307
Reinitializing at step 620
Reinitialized phi with dtau = 1 and niters = 6
Wrote plt0620
Wrote 0 negative phi points to phi_negative_0620.dat
No negative phi points found. Skipping convex hull output.
Time:1173.85053 with timestep:1.893307307
Time:1175.743837 with timestep:1.893307307
Time:1177.637145 with timestep:1.893307307
Time:1179.530452 with timestep:1.893307307
Time:1181.423759 with timestep:1.893307307
Time:1183.317067 with timestep:1.893307307
Time:1185.210374 with timestep:1.893307307
Time:1187.103681 with timestep:1.893307307
Time:1188.996989 with timestep:1.893307307
Time:1190.890296 with timestep:1.893307307
Time:1192.783603 with timestep:1.893307307
Time:1194.67691 with timestep:1.893307307
Time:1196.570218 with timestep:1.893307307
Time:1198.463525 with timestep:1.893307307
Time:1200.356832 with timestep:1.893307307
Time:1202.25014 with timestep:1.893307307
Time:1204.143447 with timestep:1.893307307
Time:1206.036754 with timestep:1.893307307
Time:1207.930062 with timestep:1.893307307
Time:1209.823369 with timestep:1.893307307
Reinitializing at step 640
Reinitialized phi with dtau = 1 and niters = 6
Wrote plt0640
Wrote 0 negative phi points to phi_negative_0640.dat
No negative phi points found. Skipping convex hull output.
Time:1211.716676 with timestep:1.893307307
Time:1213.609983 with timestep:1.893307307
Time:1215.503291 with timestep:1.893307307
Time:1217.396598 with timestep:1.893307307
Time:1219.289905 with timestep:1.893307307
Time:1221.183213 with timestep:1.893307307
Time:1223.07652 with timestep:1.893307307
Time:1224.969827 with timestep:1.893307307
Time:1226.863135 with timestep:1.893307307
Time:1228.756442 with timestep:1.893307307
Time:1230.649749 with timestep:1.893307307
Time:1232.543057 with timestep:1.893307307
Time:1234.436364 with timestep:1.893307307
Time:1236.329671 with timestep:1.893307307
Time:1238.222978 with timestep:1.893307307
Time:1240.116286 with timestep:1.893307307
Time:1242.009593 with timestep:1.893307307
Time:1243.9029 with timestep:1.893307307
Time:1245.796208 with timestep:1.893307307
Time:1247.689515 with timestep:1.893307307
Reinitializing at step 660
Reinitialized phi with dtau = 1 and niters = 6
Wrote plt0660
Wrote 0 negative phi points to phi_negative_0660.dat
No negative phi points found. Skipping convex hull output.
Time:1249.582822 with timestep:1.893307307
Time:1251.47613 with timestep:1.893307307
Time:1253.369437 with timestep:1.893307307
Time:1255.262744 with timestep:1.893307307
Time:1257.156052 with timestep:1.893307307
Time:1259.049359 with timestep:1.893307307
Time:1260.942666 with timestep:1.893307307
Time:1262.835973 with timestep:1.893307307
Time:1264.729281 with timestep:1.893307307
Time:1266.622588 with timestep:1.893307307
Time:1268.515895 with timestep:1.893307307
Time:1270.409203 with timestep:1.893307307
Time:1272.30251 with timestep:1.893307307
Time:1274.195817 with timestep:1.893307307
Time:1276.089125 with timestep:1.893307307
Time:1277.982432 with timestep:1.893307307
Time:1279.875739 with timestep:1.893307307
Time:1281.769047 with timestep:1.893307307
Time:1283.662354 with timestep:1.893307307
Time:1285.555661 with timestep:1.893307307
Reinitializing at step 680
Reinitialized phi with dtau = 1 and niters = 6
Wrote plt0680
Wrote 0 negative phi points to phi_negative_0680.dat
No negative phi points found. Skipping convex hull output.
Time:1287.448968 with timestep:1.893307307
Time:1289.342276 with timestep:1.893307307
Time:1291.235583 with timestep:1.893307307
Time:1293.12889 with timestep:1.893307307
Time:1295.022198 with timestep:1.893307307
Time:1296.915505 with timestep:1.893307307
Time:1298.808812 with timestep:1.893307307
Time:1300.70212 with timestep:1.893307307
Time:1302.595427 with timestep:1.893307307
Time:1304.488734 with timestep:1.893307307
Time:1306.382042 with timestep:1.893307307
Time:1308.275349 with timestep:1.893307307
Time:1310.168656 with timestep:1.893307307
Time:1312.061963 with timestep:1.893307307
Time:1313.955271 with timestep:1.893307307
Time:1315.848578 with timestep:1.893307307
Time:1317.741885 with timestep:1.893307307
Time:1319.635193 with timestep:1.893307307
Time:1321.5285 with timestep:1.893307307
Time:1323.421807 with timestep:1.893307307
Reinitializing at step 700
Reinitialized phi with dtau = 1 and niters = 6
Wrote plt0700
Wrote 0 negative phi points to phi_negative_0700.dat
No negative phi points found. Skipping convex hull output.
Time:1325.315115 with timestep:1.893307307
Time:1327.208422 with timestep:1.893307307
Time:1329.101729 with timestep:1.893307307
Time:1330.995037 with timestep:1.893307307
Time:1332.888344 with timestep:1.893307307
Time:1334.781651 with timestep:1.893307307
Time:1336.674958 with timestep:1.893307307
Time:1338.568266 with timestep:1.893307307
Time:1340.461573 with timestep:1.893307307
Time:1342.35488 with timestep:1.893307307
Time:1344.248188 with timestep:1.893307307
Time:1346.141495 with timestep:1.893307307
Time:1348.034802 with timestep:1.893307307
Time:1349.92811 with timestep:1.893307307
Time:1351.821417 with timestep:1.893307307
Time:1353.714724 with timestep:1.893307307
Time:1355.608031 with timestep:1.893307307
Time:1357.501339 with timestep:1.893307307
Time:1359.394646 with timestep:1.893307307
Time:1361.287953 with timestep:1.893307307
Reinitializing at step 720
Reinitialized phi with dtau = 1 and niters = 6
Wrote plt0720
Wrote 0 negative phi points to phi_negative_0720.dat
No negative phi points found. Skipping convex hull output.
Time:1363.181261 with timestep:1.893307307
Time:1365.074568 with timestep:1.893307307
Time:1366.967875 with timestep:1.893307307
Time:1368.861183 with timestep:1.893307307
Time:1370.75449 with timestep:1.893307307
Time:1372.647797 with timestep:1.893307307
Time:1374.541105 with timestep:1.893307307
Time:1376.434412 with timestep:1.893307307
Time:1378.327719 with timestep:1.893307307
Time:1380.221026 with timestep:1.893307307
Time:1382.114334 with timestep:1.893307307
Time:1384.007641 with timestep:1.893307307
Time:1385.900948 with timestep:1.893307307
Time:1387.794256 with timestep:1.893307307
Time:1389.687563 with timestep:1.893307307
Time:1391.58087 with timestep:1.893307307
Time:1393.474178 with timestep:1.893307307
Time:1395.367485 with timestep:1.893307307
Time:1397.260792 with timestep:1.893307307
Time:1399.1541 with timestep:1.893307307
Reinitializing at step 740
Reinitialized phi with dtau = 1 and niters = 6
Wrote plt0740
Wrote 0 negative phi points to phi_negative_0740.dat
No negative phi points found. Skipping convex hull output.
Time:1401.047407 with timestep:1.893307307
Time:1402.940714 with timestep:1.893307307
Time:1404.834021 with timestep:1.893307307
Time:1406.727329 with timestep:1.893307307
Time:1408.620636 with timestep:1.893307307
Time:1410.513943 with timestep:1.893307307
Time:1412.407251 with timestep:1.893307307
Time:1414.300558 with timestep:1.893307307
Time:1416.193865 with timestep:1.893307307
Time:1418.087173 with timestep:1.893307307
Time:1419.98048 with timestep:1.893307307
Time:1421.873787 with timestep:1.893307307
Time:1423.767095 with timestep:1.893307307
Time:1425.660402 with timestep:1.893307307
Time:1427.553709 with timestep:1.893307307
Time:1429.447016 with timestep:1.893307307
Time:1431.340324 with timestep:1.893307307
Time:1433.233631 with timestep:1.893307307
Time:1435.126938 with timestep:1.893307307
Time:1437.020246 with timestep:1.893307307
Reinitializing at step 760
Reinitialized phi with dtau = 1 and niters = 6
Wrote plt0760
Wrote 0 negative phi points to phi_negative_0760.dat
No negative phi points found. Skipping convex hull output.
Time:1438.913553 with timestep:1.893307307
Time:1440.80686 with timestep:1.893307307
Time:1442.700168 with timestep:1.893307307
Time:1444.593475 with timestep:1.893307307
Time:1446.486782 with timestep:1.893307307
Time:1448.38009 with timestep:1.893307307
Time:1450.273397 with timestep:1.893307307
Time:1452.166704 with timestep:1.893307307
Time:1454.060011 with timestep:1.893307307
Time:1455.953319 with timestep:1.893307307
Time:1457.846626 with timestep:1.893307307
Time:1459.739933 with timestep:1.893307307
Time:1461.633241 with timestep:1.893307307
Time:1463.526548 with timestep:1.893307307
Time:1465.419855 with timestep:1.893307307
Time:1467.313163 with timestep:1.893307307
Time:1469.20647 with timestep:1.893307307
Time:1471.099777 with timestep:1.893307307
Time:1472.993084 with timestep:1.893307307
Time:1474.886392 with timestep:1.893307307
Reinitializing at step 780
Reinitialized phi with dtau = 1 and niters = 6
Wrote plt0780
Wrote 0 negative phi points to phi_negative_0780.dat
No negative phi points found. Skipping convex hull output.
Time:1476.779699 with timestep:1.893307307
Time:1478.673006 with timestep:1.893307307
Time:1480.566314 with timestep:1.893307307
Time:1482.459621 with timestep:1.893307307
Time:1484.352928 with timestep:1.893307307
Time:1486.246236 with timestep:1.893307307
Time:1488.139543 with timestep:1.893307307
Time:1490.03285 with timestep:1.893307307
Time:1491.926158 with timestep:1.893307307
Time:1493.819465 with timestep:1.893307307
Time:1495.712772 with timestep:1.893307307
Time:1497.606079 with timestep:1.893307307
Time:1499.499387 with timestep:1.893307307
Wrote final plt0793
Wrote 0 negative phi points to phi_negative_0793.dat
No negative phi points found. Skipping convex hull output.
AMReX (26.04) finalized
<end of output>
Test time =   2.21 sec
----------------------------------------------------------
Test Passed.
"terrain_wind" end time: May 02 06:03 UTC
"terrain_wind" time elapsed: 00:00:02
----------------------------------------------------------

End testing: May 02 06:03 UTC

regtest =   2.98 sec*proc

